<?xml version="1.0" encoding="UTF-8"?>
<!-- Generated by org.testng.reporters.JUnitReportReporter -->
<testsuite hostname="DESKTOP-H0173OR" failures="0" tests="1" name="com.meteorite.ijmeet.VerifySignUpForm" time="23.362" errors="0" timestamp="2023-10-07T21:00:35 IST" skipped="0">
  <testcase classname="com.meteorite.ijmeet.VerifySignUpForm" name="resisterUserWithExistingEmail" time="23.362"/>
  <system-out/>
</testsuite> <!-- com.meteorite.ijmeet.VerifySignUpForm -->
